<?xml version="1.0" encoding="UTF-8"?>
<!-- Generated by org.testng.reporters.JUnitReportReporter -->
<testsuite hostname="SIPL92" failures="0" tests="1" name="ConnectReqResp.ReqResTime" time="2.838" errors="0" timestamp="6 Apr 2022 14:21:06 GMT">
  <testcase classname="ConnectReqResp.ReqResTime" name="orderReqRes" time="2.838"/>
</testsuite> <!-- ConnectReqResp.ReqResTime -->
