<?xml version="1.0" encoding="UTF-8"?>
<!-- Generated by org.testng.reporters.JUnitReportReporter -->
<testsuite hostname="SIPL92" failures="0" tests="1" name="ConnectReqRespProject.ConnectReqResp.ReqResTime" time="55.867" errors="0" timestamp="6 Apr 2022 12:54:09 GMT">
  <testcase classname="ConnectReqRespProject.ConnectReqResp.ReqResTime" name="orderReqRes" time="55.867"/>
</testsuite> <!-- ConnectReqRespProject.ConnectReqResp.ReqResTime -->
